<?xml version="1.0" encoding="UTF-8"?>
<!-- Generated by org.testng.reporters.JUnitReportReporter -->
<testsuite hostname="Shivaay-Windows" failures="0" tests="1" name="Insurance.testing.AppTest" time="0.014" errors="0" timestamp="2023-11-27T10:19:29 IST" skipped="0">
  <testcase classname="Insurance.testing.AppTest" name="shouldAnswerWithTrue" time="0.014"/>
</testsuite> <!-- Insurance.testing.AppTest -->
